/*C2*/SET SCHEMA PUBLIC
DELETE FROM "mendixsystem$version" WHERE "versionnumber"='4.2'
INSERT INTO "mendixsystem$version" VALUES('4.2','2018-05-08 18:10:47.796000','3.0.0','unversioned','Simple HRM')
COMMIT
/*C3*/SET SCHEMA PUBLIC
DELETE FROM "system$userrole" WHERE "id"=2533274790395905
INSERT INTO "system$userrole" VALUES(2533274790395905,'8dd52bfa-6d7e-453b-b506-303c0a3d9567','','Administrator')
DELETE FROM "system$userrole" WHERE "id"=2533274790395906
INSERT INTO "system$userrole" VALUES(2533274790395906,'53f5d6fa-6da9-4a71-b011-454ec052cce8','','User')
COMMIT
DELETE FROM "mendixsystem$properties" WHERE "key"='Mendix.Runtime.DeploymentID'
INSERT INTO "mendixsystem$properties" VALUES('Mendix.Runtime.DeploymentID','636614108959603066')
COMMIT
DELETE FROM "system$session" WHERE "id"=6755399441057645
DELETE FROM "system$session_user" WHERE "system$sessionid"=6755399441057645 AND "system$userid"=281474976712557
COMMIT
DELETE FROM "mendixsystem$entityidentifier" WHERE "id"='d4154981-8dac-4150-aec5-efa3ef62a7a2'
INSERT INTO "mendixsystem$entityidentifier" VALUES('d4154981-8dac-4150-aec5-efa3ef62a7a2',2,2101)
COMMIT
INSERT INTO "system$xasinstance" VALUES(562949953423313,'446b2e45-491f-4250-997d-fc60a408765b','2018-05-09 01:15:07.950000','2018-05-09 01:15:07.914000',NULL,NULL,NULL)
COMMIT
DELETE FROM "mendixsystem$entityidentifier" WHERE "id"='282e2e60-88a5-469d-84a5-ba8d9151644f'
INSERT INTO "mendixsystem$entityidentifier" VALUES('282e2e60-88a5-469d-84a5-ba8d9151644f',1,2101)
COMMIT
INSERT INTO "system$user" VALUES(281474976712657,'2018-05-09 01:15:12.955000',TRUE,'2018-05-09 01:15:12.955000','2018-05-09 01:15:13.041000',FALSE,TRUE,0,FALSE,'Anonymous_15e8477f-c84a-4b57-8d37-96dfbf7b4974','{BCrypt}$2a$10$tFpmVwKSnjqltLih.MiuKOLtCyFfsm4K50OWMqsZHeeEF6kPsJuym','System.User',NULL,281474976712657)
INSERT INTO "system$userroles" VALUES(281474976712657,2533274790395905)
INSERT INTO "system$user_language" VALUES(281474976712657,7599824371187713)
COMMIT
DELETE FROM "system$user" WHERE "id"=281474976712657
INSERT INTO "system$user" VALUES(281474976712657,'2018-05-09 01:15:12.955000',TRUE,'2018-05-09 01:15:12.955000','2018-05-09 01:15:13.062000',FALSE,TRUE,0,FALSE,'Anonymous_15e8477f-c84a-4b57-8d37-96dfbf7b4974','{BCrypt}$2a$10$tFpmVwKSnjqltLih.MiuKOLtCyFfsm4K50OWMqsZHeeEF6kPsJuym','System.User',NULL,281474976712657)
COMMIT
/*C4*/SET SCHEMA PUBLIC
DELETE FROM "mendixsystem$entityidentifier" WHERE "id"='37f9fd49-5318-4c63-9a51-f761779b202f'
INSERT INTO "mendixsystem$entityidentifier" VALUES('37f9fd49-5318-4c63-9a51-f761779b202f',24,2101)
COMMIT
INSERT INTO "system$session" VALUES(6755399441057745,'8fb88df1-41f6-4907-9786-ff1f0f726436','2018-05-09 01:15:13.191000','3f05eb88-9f3c-4e2d-813e-c282a09d9dbb','2018-05-09 01:15:13.191000','ab3ec56a-2784-4dee-9b95-2e1716b180fc')
INSERT INTO "system$session_user" VALUES(6755399441057745,281474976712657)
COMMIT
/*C3*/DELETE FROM "myfirstmodule$employee" WHERE "id"=3940649673949185
INSERT INTO "myfirstmodule$employee" VALUES(3940649673949185,'5652 Avenue des Erables','Quebec','1987-11-14 05:00:00.000000','Montreal','Daniel','438-399-2990 ','dlavoie@live.ca','Junior')
COMMIT
/*C4*/DELETE FROM "myfirstmodule$employee" WHERE "id"=3940649673949185
INSERT INTO "myfirstmodule$employee" VALUES(3940649673949185,'5652 Avenue des Erables','Quebec','1987-11-14 05:00:00.000000','Montreal','Daniel','438-399-2990 ','dlavoie@live.ca','Medior')
COMMIT
DELETE FROM "system$xasinstance" WHERE "id"=562949953423313
INSERT INTO "system$xasinstance" VALUES(562949953423313,'446b2e45-491f-4250-997d-fc60a408765b','2018-05-09 01:15:07.950000','2018-05-09 01:20:07.976000',NULL,NULL,NULL)
COMMIT
DELETE FROM "system$session" WHERE "id"=6755399441057745
INSERT INTO "system$session" VALUES(6755399441057745,'8fb88df1-41f6-4907-9786-ff1f0f726436','2018-05-09 01:15:13.191000','3f05eb88-9f3c-4e2d-813e-c282a09d9dbb','2018-05-09 01:18:25.888000','ab3ec56a-2784-4dee-9b95-2e1716b180fc')
COMMIT
/*C5*/SET SCHEMA PUBLIC
DISCONNECT
/*C4*/DELETE FROM "system$xasinstance" WHERE "id"=562949953423313
INSERT INTO "system$xasinstance" VALUES(562949953423313,'446b2e45-491f-4250-997d-fc60a408765b','2018-05-09 01:15:07.950000','2018-05-09 01:25:07.996000',NULL,NULL,NULL)
COMMIT
/*C2*/DELETE FROM "system$session" WHERE "id"=6755399441057745
INSERT INTO "system$session" VALUES(6755399441057745,'8fb88df1-41f6-4907-9786-ff1f0f726436','2018-05-09 01:15:13.191000','3f05eb88-9f3c-4e2d-813e-c282a09d9dbb','2018-05-09 01:23:27.014000','ab3ec56a-2784-4dee-9b95-2e1716b180fc')
COMMIT
/*C3*/DISCONNECT
/*C2*/DELETE FROM "system$xasinstance" WHERE "id"=562949953423313
INSERT INTO "system$xasinstance" VALUES(562949953423313,'446b2e45-491f-4250-997d-fc60a408765b','2018-05-09 01:15:07.950000','2018-05-09 01:30:08.027000',NULL,NULL,NULL)
COMMIT
/*C4*/DELETE FROM "system$session" WHERE "id"=6755399441057745
INSERT INTO "system$session" VALUES(6755399441057745,'8fb88df1-41f6-4907-9786-ff1f0f726436','2018-05-09 01:15:13.191000','3f05eb88-9f3c-4e2d-813e-c282a09d9dbb','2018-05-09 01:28:27.008000','ab3ec56a-2784-4dee-9b95-2e1716b180fc')
COMMIT
DELETE FROM "system$xasinstance" WHERE "id"=562949953423313
INSERT INTO "system$xasinstance" VALUES(562949953423313,'446b2e45-491f-4250-997d-fc60a408765b','2018-05-09 01:15:07.950000','2018-05-09 01:35:08.057000',NULL,NULL,NULL)
COMMIT
/*C2*/DELETE FROM "system$session" WHERE "id"=6755399441057745
INSERT INTO "system$session" VALUES(6755399441057745,'8fb88df1-41f6-4907-9786-ff1f0f726436','2018-05-09 01:15:13.191000','3f05eb88-9f3c-4e2d-813e-c282a09d9dbb','2018-05-09 01:33:27.009000','ab3ec56a-2784-4dee-9b95-2e1716b180fc')
COMMIT
/*C4*/DELETE FROM "system$xasinstance" WHERE "id"=562949953423313
INSERT INTO "system$xasinstance" VALUES(562949953423313,'446b2e45-491f-4250-997d-fc60a408765b','2018-05-09 01:15:07.950000','2018-05-09 01:40:08.065000',NULL,NULL,NULL)
COMMIT
/*C2*/DELETE FROM "system$session" WHERE "id"=6755399441057745
INSERT INTO "system$session" VALUES(6755399441057745,'8fb88df1-41f6-4907-9786-ff1f0f726436','2018-05-09 01:15:13.191000','3f05eb88-9f3c-4e2d-813e-c282a09d9dbb','2018-05-09 01:38:27.002000','ab3ec56a-2784-4dee-9b95-2e1716b180fc')
COMMIT
/*C4*/DELETE FROM "system$xasinstance" WHERE "id"=562949953423313
INSERT INTO "system$xasinstance" VALUES(562949953423313,'446b2e45-491f-4250-997d-fc60a408765b','2018-05-09 01:15:07.950000','2018-05-09 01:45:08.088000',NULL,NULL,NULL)
COMMIT
DELETE FROM "system$session" WHERE "id"=6755399441057745
INSERT INTO "system$session" VALUES(6755399441057745,'8fb88df1-41f6-4907-9786-ff1f0f726436','2018-05-09 01:15:13.191000','3f05eb88-9f3c-4e2d-813e-c282a09d9dbb','2018-05-09 01:43:27.021000','ab3ec56a-2784-4dee-9b95-2e1716b180fc')
COMMIT
DELETE FROM "system$xasinstance" WHERE "id"=562949953423313
INSERT INTO "system$xasinstance" VALUES(562949953423313,'446b2e45-491f-4250-997d-fc60a408765b','2018-05-09 01:15:07.950000','2018-05-09 01:50:08.117000',NULL,NULL,NULL)
COMMIT
DELETE FROM "system$session" WHERE "id"=6755399441057745
INSERT INTO "system$session" VALUES(6755399441057745,'8fb88df1-41f6-4907-9786-ff1f0f726436','2018-05-09 01:15:13.191000','3f05eb88-9f3c-4e2d-813e-c282a09d9dbb','2018-05-09 01:48:27.012000','ab3ec56a-2784-4dee-9b95-2e1716b180fc')
COMMIT
DELETE FROM "system$xasinstance" WHERE "id"=562949953423313
INSERT INTO "system$xasinstance" VALUES(562949953423313,'446b2e45-491f-4250-997d-fc60a408765b','2018-05-09 01:15:07.950000','2018-05-09 01:55:08.135000',NULL,NULL,NULL)
COMMIT
/*C2*/DELETE FROM "system$session" WHERE "id"=6755399441057745
INSERT INTO "system$session" VALUES(6755399441057745,'8fb88df1-41f6-4907-9786-ff1f0f726436','2018-05-09 01:15:13.191000','3f05eb88-9f3c-4e2d-813e-c282a09d9dbb','2018-05-09 01:53:27.007000','ab3ec56a-2784-4dee-9b95-2e1716b180fc')
COMMIT
/*C4*/DELETE FROM "system$xasinstance" WHERE "id"=562949953423313
INSERT INTO "system$xasinstance" VALUES(562949953423313,'446b2e45-491f-4250-997d-fc60a408765b','2018-05-09 01:15:07.950000','2018-05-09 02:00:08.159000',NULL,NULL,NULL)
COMMIT
DELETE FROM "system$session" WHERE "id"=6755399441057745
INSERT INTO "system$session" VALUES(6755399441057745,'8fb88df1-41f6-4907-9786-ff1f0f726436','2018-05-09 01:15:13.191000','3f05eb88-9f3c-4e2d-813e-c282a09d9dbb','2018-05-09 01:58:27.012000','ab3ec56a-2784-4dee-9b95-2e1716b180fc')
COMMIT
DELETE FROM "system$xasinstance" WHERE "id"=562949953423313
INSERT INTO "system$xasinstance" VALUES(562949953423313,'446b2e45-491f-4250-997d-fc60a408765b','2018-05-09 01:15:07.950000','2018-05-09 02:05:08.173000',NULL,NULL,NULL)
COMMIT
DELETE FROM "system$session" WHERE "id"=6755399441057745
INSERT INTO "system$session" VALUES(6755399441057745,'8fb88df1-41f6-4907-9786-ff1f0f726436','2018-05-09 01:15:13.191000','3f05eb88-9f3c-4e2d-813e-c282a09d9dbb','2018-05-09 02:03:27.011000','ab3ec56a-2784-4dee-9b95-2e1716b180fc')
COMMIT
/*C2*/DISCONNECT
/*C4*/DELETE FROM "system$xasinstance" WHERE "id"=562949953423313
INSERT INTO "system$xasinstance" VALUES(562949953423313,'446b2e45-491f-4250-997d-fc60a408765b','2018-05-09 01:15:07.950000','2018-05-09 02:10:08.188000',NULL,NULL,NULL)
COMMIT
DELETE FROM "system$session" WHERE "id"=6755399441057745
INSERT INTO "system$session" VALUES(6755399441057745,'8fb88df1-41f6-4907-9786-ff1f0f726436','2018-05-09 01:15:13.191000','3f05eb88-9f3c-4e2d-813e-c282a09d9dbb','2018-05-09 02:08:27.013000','ab3ec56a-2784-4dee-9b95-2e1716b180fc')
COMMIT
/*C6*/SET SCHEMA PUBLIC
DELETE FROM "system$xasinstance" WHERE "id"=562949953423313
INSERT INTO "system$xasinstance" VALUES(562949953423313,'446b2e45-491f-4250-997d-fc60a408765b','2018-05-09 01:15:07.950000','2018-05-09 02:15:08.209000',NULL,NULL,NULL)
COMMIT
DELETE FROM "system$session" WHERE "id"=6755399441057745
INSERT INTO "system$session" VALUES(6755399441057745,'8fb88df1-41f6-4907-9786-ff1f0f726436','2018-05-09 01:15:13.191000','3f05eb88-9f3c-4e2d-813e-c282a09d9dbb','2018-05-09 02:13:27.013000','ab3ec56a-2784-4dee-9b95-2e1716b180fc')
COMMIT
DELETE FROM "system$xasinstance" WHERE "id"=562949953423313
INSERT INTO "system$xasinstance" VALUES(562949953423313,'446b2e45-491f-4250-997d-fc60a408765b','2018-05-09 01:15:07.950000','2018-05-09 02:20:08.240000',NULL,NULL,NULL)
COMMIT
DELETE FROM "system$session" WHERE "id"=6755399441057745
INSERT INTO "system$session" VALUES(6755399441057745,'8fb88df1-41f6-4907-9786-ff1f0f726436','2018-05-09 01:15:13.191000','3f05eb88-9f3c-4e2d-813e-c282a09d9dbb','2018-05-09 02:18:27.006000','ab3ec56a-2784-4dee-9b95-2e1716b180fc')
COMMIT
DELETE FROM "system$xasinstance" WHERE "id"=562949953423313
INSERT INTO "system$xasinstance" VALUES(562949953423313,'446b2e45-491f-4250-997d-fc60a408765b','2018-05-09 01:15:07.950000','2018-05-09 02:25:08.253000',NULL,NULL,NULL)
COMMIT
DELETE FROM "system$session" WHERE "id"=6755399441057745
INSERT INTO "system$session" VALUES(6755399441057745,'8fb88df1-41f6-4907-9786-ff1f0f726436','2018-05-09 01:15:13.191000','3f05eb88-9f3c-4e2d-813e-c282a09d9dbb','2018-05-09 02:23:27.002000','ab3ec56a-2784-4dee-9b95-2e1716b180fc')
COMMIT
/*C4*/DISCONNECT
/*C6*/DELETE FROM "system$xasinstance" WHERE "id"=562949953423313
INSERT INTO "system$xasinstance" VALUES(562949953423313,'446b2e45-491f-4250-997d-fc60a408765b','2018-05-09 01:15:07.950000','2018-05-09 02:30:08.270000',NULL,NULL,NULL)
COMMIT
DELETE FROM "system$session" WHERE "id"=6755399441057745
INSERT INTO "system$session" VALUES(6755399441057745,'8fb88df1-41f6-4907-9786-ff1f0f726436','2018-05-09 01:15:13.191000','3f05eb88-9f3c-4e2d-813e-c282a09d9dbb','2018-05-09 02:28:27.004000','ab3ec56a-2784-4dee-9b95-2e1716b180fc')
COMMIT
DELETE FROM "system$xasinstance" WHERE "id"=562949953423313
INSERT INTO "system$xasinstance" VALUES(562949953423313,'446b2e45-491f-4250-997d-fc60a408765b','2018-05-09 01:15:07.950000','2018-05-09 02:35:08.288000',NULL,NULL,NULL)
COMMIT
DELETE FROM "system$session" WHERE "id"=6755399441057745
INSERT INTO "system$session" VALUES(6755399441057745,'8fb88df1-41f6-4907-9786-ff1f0f726436','2018-05-09 01:15:13.191000','3f05eb88-9f3c-4e2d-813e-c282a09d9dbb','2018-05-09 02:33:27.013000','ab3ec56a-2784-4dee-9b95-2e1716b180fc')
COMMIT
DELETE FROM "system$xasinstance" WHERE "id"=562949953423313
INSERT INTO "system$xasinstance" VALUES(562949953423313,'446b2e45-491f-4250-997d-fc60a408765b','2018-05-09 01:15:07.950000','2018-05-09 02:40:08.304000',NULL,NULL,NULL)
COMMIT
/*C7*/SET SCHEMA PUBLIC
DELETE FROM "system$session" WHERE "id"=6755399441057745
INSERT INTO "system$session" VALUES(6755399441057745,'8fb88df1-41f6-4907-9786-ff1f0f726436','2018-05-09 01:15:13.191000','3f05eb88-9f3c-4e2d-813e-c282a09d9dbb','2018-05-09 02:38:27.011000','ab3ec56a-2784-4dee-9b95-2e1716b180fc')
COMMIT
/*C6*/DELETE FROM "system$xasinstance" WHERE "id"=562949953423313
INSERT INTO "system$xasinstance" VALUES(562949953423313,'446b2e45-491f-4250-997d-fc60a408765b','2018-05-09 01:15:07.950000','2018-05-09 02:45:08.328000',NULL,NULL,NULL)
COMMIT
/*C7*/DELETE FROM "system$session" WHERE "id"=6755399441057745
INSERT INTO "system$session" VALUES(6755399441057745,'8fb88df1-41f6-4907-9786-ff1f0f726436','2018-05-09 01:15:13.191000','3f05eb88-9f3c-4e2d-813e-c282a09d9dbb','2018-05-09 02:43:27.005000','ab3ec56a-2784-4dee-9b95-2e1716b180fc')
COMMIT
/*C6*/DELETE FROM "system$xasinstance" WHERE "id"=562949953423313
INSERT INTO "system$xasinstance" VALUES(562949953423313,'446b2e45-491f-4250-997d-fc60a408765b','2018-05-09 01:15:07.950000','2018-05-09 02:50:08.353000',NULL,NULL,NULL)
COMMIT
DELETE FROM "system$session" WHERE "id"=6755399441057745
INSERT INTO "system$session" VALUES(6755399441057745,'8fb88df1-41f6-4907-9786-ff1f0f726436','2018-05-09 01:15:13.191000','3f05eb88-9f3c-4e2d-813e-c282a09d9dbb','2018-05-09 02:48:27.012000','ab3ec56a-2784-4dee-9b95-2e1716b180fc')
COMMIT
/*C7*/DELETE FROM "system$xasinstance" WHERE "id"=562949953423313
INSERT INTO "system$xasinstance" VALUES(562949953423313,'446b2e45-491f-4250-997d-fc60a408765b','2018-05-09 01:15:07.950000','2018-05-09 02:55:08.377000',NULL,NULL,NULL)
COMMIT
DELETE FROM "system$session" WHERE "id"=6755399441057745
INSERT INTO "system$session" VALUES(6755399441057745,'8fb88df1-41f6-4907-9786-ff1f0f726436','2018-05-09 01:15:13.191000','3f05eb88-9f3c-4e2d-813e-c282a09d9dbb','2018-05-09 02:53:27.016000','ab3ec56a-2784-4dee-9b95-2e1716b180fc')
COMMIT
DELETE FROM "system$xasinstance" WHERE "id"=562949953423313
INSERT INTO "system$xasinstance" VALUES(562949953423313,'446b2e45-491f-4250-997d-fc60a408765b','2018-05-09 01:15:07.950000','2018-05-09 03:00:08.392000',NULL,NULL,NULL)
COMMIT
DELETE FROM "system$session" WHERE "id"=6755399441057745
INSERT INTO "system$session" VALUES(6755399441057745,'8fb88df1-41f6-4907-9786-ff1f0f726436','2018-05-09 01:15:13.191000','3f05eb88-9f3c-4e2d-813e-c282a09d9dbb','2018-05-09 02:58:27.009000','ab3ec56a-2784-4dee-9b95-2e1716b180fc')
COMMIT
DELETE FROM "system$xasinstance" WHERE "id"=562949953423313
INSERT INTO "system$xasinstance" VALUES(562949953423313,'446b2e45-491f-4250-997d-fc60a408765b','2018-05-09 01:15:07.950000','2018-05-09 03:05:08.406000',NULL,NULL,NULL)
COMMIT
/*C6*/DELETE FROM "system$session" WHERE "id"=6755399441057745
INSERT INTO "system$session" VALUES(6755399441057745,'8fb88df1-41f6-4907-9786-ff1f0f726436','2018-05-09 01:15:13.191000','3f05eb88-9f3c-4e2d-813e-c282a09d9dbb','2018-05-09 03:03:27.005000','ab3ec56a-2784-4dee-9b95-2e1716b180fc')
COMMIT
DELETE FROM "system$xasinstance" WHERE "id"=562949953423313
INSERT INTO "system$xasinstance" VALUES(562949953423313,'446b2e45-491f-4250-997d-fc60a408765b','2018-05-09 01:15:07.950000','2018-05-09 03:10:08.430000',NULL,NULL,NULL)
COMMIT
DELETE FROM "system$session" WHERE "id"=6755399441057745
INSERT INTO "system$session" VALUES(6755399441057745,'8fb88df1-41f6-4907-9786-ff1f0f726436','2018-05-09 01:15:13.191000','3f05eb88-9f3c-4e2d-813e-c282a09d9dbb','2018-05-09 03:08:27.007000','ab3ec56a-2784-4dee-9b95-2e1716b180fc')
COMMIT
/*C7*/DISCONNECT
/*C6*/DELETE FROM "system$xasinstance" WHERE "id"=562949953423313
INSERT INTO "system$xasinstance" VALUES(562949953423313,'446b2e45-491f-4250-997d-fc60a408765b','2018-05-09 01:15:07.950000','2018-05-09 03:15:08.451000',NULL,NULL,NULL)
COMMIT
DELETE FROM "system$session" WHERE "id"=6755399441057745
INSERT INTO "system$session" VALUES(6755399441057745,'8fb88df1-41f6-4907-9786-ff1f0f726436','2018-05-09 01:15:13.191000','3f05eb88-9f3c-4e2d-813e-c282a09d9dbb','2018-05-09 03:13:27.007000','ab3ec56a-2784-4dee-9b95-2e1716b180fc')
COMMIT
DELETE FROM "system$xasinstance" WHERE "id"=562949953423313
INSERT INTO "system$xasinstance" VALUES(562949953423313,'446b2e45-491f-4250-997d-fc60a408765b','2018-05-09 01:15:07.950000','2018-05-09 03:20:08.466000',NULL,NULL,NULL)
COMMIT
DELETE FROM "system$session" WHERE "id"=6755399441057745
INSERT INTO "system$session" VALUES(6755399441057745,'8fb88df1-41f6-4907-9786-ff1f0f726436','2018-05-09 01:15:13.191000','3f05eb88-9f3c-4e2d-813e-c282a09d9dbb','2018-05-09 03:18:27.010000','ab3ec56a-2784-4dee-9b95-2e1716b180fc')
COMMIT
DELETE FROM "system$xasinstance" WHERE "id"=562949953423313
INSERT INTO "system$xasinstance" VALUES(562949953423313,'446b2e45-491f-4250-997d-fc60a408765b','2018-05-09 01:15:07.950000','2018-05-09 03:25:08.489000',NULL,NULL,NULL)
COMMIT
DELETE FROM "system$session" WHERE "id"=6755399441057745
INSERT INTO "system$session" VALUES(6755399441057745,'8fb88df1-41f6-4907-9786-ff1f0f726436','2018-05-09 01:15:13.191000','3f05eb88-9f3c-4e2d-813e-c282a09d9dbb','2018-05-09 03:23:27.006000','ab3ec56a-2784-4dee-9b95-2e1716b180fc')
COMMIT
