/*C6*/SET SCHEMA PUBLIC
DELETE FROM "mendixsystem$version" WHERE "versionnumber"='4.2'
INSERT INTO "mendixsystem$version" VALUES('4.2','2018-05-13 12:27:54.432000','3.0.0','unversioned','CF-Push-Demo')
COMMIT
DELETE FROM "system$userrole" WHERE "id"=4785074604081153
INSERT INTO "system$userrole" VALUES(4785074604081153,'8dd52bfa-6d7e-453b-b506-303c0a3d9567','','Administrator')
DELETE FROM "system$userrole" WHERE "id"=4785074604081154
INSERT INTO "system$userrole" VALUES(4785074604081154,'53f5d6fa-6da9-4a71-b011-454ec052cce8','','User')
COMMIT
DELETE FROM "system$user" WHERE "id"=5910974510923777
INSERT INTO "system$user" VALUES(5910974510923777,'2017-07-13 12:43:27.389000',TRUE,'2017-07-13 12:43:27.389000','2018-08-06 18:05:05.051000',FALSE,FALSE,0,FALSE,'demo_administrator','{BCrypt}$2a$10$hwc9Mb3RM.gipJY34QrJs.rIDi3XprUKe2p2Jp/jTalTsX3/ISvna','Administration.Account',NULL,5910974510923777)
COMMIT
DELETE FROM "system$user" WHERE "id"=5910974510923778
INSERT INTO "system$user" VALUES(5910974510923778,'2017-07-13 12:43:27.543000',TRUE,'2017-07-13 12:43:27.543000',NULL,FALSE,FALSE,0,FALSE,'demo_user','{BCrypt}$2a$10$2nCG0XRFxul2uWnmRirP6uS7JbbgLeQHOgbhne6UFx9610KFfLFy6','Administration.Account',NULL,5910974510923778)
COMMIT
DELETE FROM "mendixsystem$properties" WHERE "key"='Mendix.Runtime.DeploymentID'
INSERT INTO "mendixsystem$properties" VALUES('Mendix.Runtime.DeploymentID','636692512768489809')
COMMIT
DELETE FROM "mendixsystem$entityidentifier" WHERE "id"='d4154981-8dac-4150-aec5-efa3ef62a7a2'
INSERT INTO "mendixsystem$entityidentifier" VALUES('d4154981-8dac-4150-aec5-efa3ef62a7a2',4,2301)
COMMIT
INSERT INTO "system$xasinstance" VALUES(1125899906844825,'44b63174-9e1b-41f6-9a28-7ea65ef1e427','2018-08-07 19:08:39.227000','2018-08-07 19:08:38.810000',NULL,NULL,NULL)
COMMIT
DELETE FROM "system$xasinstance" WHERE "id"=1125899906844725
COMMIT
/*C8*/SET SCHEMA PUBLIC
DELETE FROM "system$user" WHERE "id"=562949953422613
INSERT INTO "system$user" VALUES(562949953422613,'2017-07-13 12:43:27.868000',TRUE,'2017-07-13 12:43:27.868000','2017-07-24 11:30:39.563000',FALSE,FALSE,0,FALSE,'MxAdmin','{BCrypt}$2a$10$2aMw0AFIjRD3.5hTTdX0lOS5uAAR8EDtLNuK7KjHxX51tz.RxvgL2','System.User',NULL,562949953422613)
COMMIT
DELETE FROM "system$xasinstance" WHERE "id"=1125899906844825
INSERT INTO "system$xasinstance" VALUES(1125899906844825,'44b63174-9e1b-41f6-9a28-7ea65ef1e427','2018-08-07 19:08:39.227000','2018-08-07 19:13:45.606000',NULL,NULL,NULL)
COMMIT
/*C7*/SET SCHEMA PUBLIC
DISCONNECT
/*C8*/DELETE FROM "system$xasinstance" WHERE "id"=1125899906844825
INSERT INTO "system$xasinstance" VALUES(1125899906844825,'44b63174-9e1b-41f6-9a28-7ea65ef1e427','2018-08-07 19:08:39.227000','2018-08-07 19:18:48.673000',NULL,NULL,NULL)
COMMIT
DELETE FROM "system$xasinstance" WHERE "id"=1125899906844825
INSERT INTO "system$xasinstance" VALUES(1125899906844825,'44b63174-9e1b-41f6-9a28-7ea65ef1e427','2018-08-07 19:08:39.227000','2018-08-07 19:23:46.953000',NULL,NULL,NULL)
COMMIT
DELETE FROM "system$xasinstance" WHERE "id"=1125899906844825
INSERT INTO "system$xasinstance" VALUES(1125899906844825,'44b63174-9e1b-41f6-9a28-7ea65ef1e427','2018-08-07 19:08:39.227000','2018-08-07 19:28:40.893000',NULL,NULL,NULL)
COMMIT
/*C6*/DISCONNECT
